<?xml version="1.0" encoding="UTF-8"?><testsuites failures="12" name="dependency-check" tests="25"><testsuite failures="0" errors="0" time="0" id="0" name="/src/Django-1.4.13/django/contrib/admin/static/admin/js/admin/DateTimeShortcuts.js" package="DateTimeShortcuts.js" skipped="0" tests="1" timestamp="2023-02-18T20:28:50.6833204"><testcase classname="dependency-check" name="DateTimeShortcuts.js"/></testsuite><testsuite failures="0" errors="0" time="0" id="1" name="/src/Django-1.4.13/django/contrib/admin/static/admin/js/admin/RelatedObjectLookups.js" package="RelatedObjectLookups.js" skipped="0" tests="1" timestamp="2023-02-18T20:28:50.6833204"><testcase classname="dependency-check" name="RelatedObjectLookups.js"/></testsuite><testsuite failures="0" errors="0" time="0" id="2" name="/src/Django-1.4.13/django/contrib/admin/static/admin/js/SelectBox.js" package="SelectBox.js" skipped="0" tests="1" timestamp="2023-02-18T20:28:50.6833204"><testcase classname="dependency-check" name="SelectBox.js"/></testsuite><testsuite failures="0" errors="0" time="0" id="3" name="/src/Django-1.4.13/django/contrib/admin/static/admin/js/SelectFilter2.js" package="SelectFilter2.js" skipped="0" tests="1" timestamp="2023-02-18T20:28:50.6833204"><testcase classname="dependency-check" name="SelectFilter2.js"/></testsuite><testsuite failures="0" errors="0" time="0" id="4" name="/src/Django-1.4.13/django/contrib/admin/static/admin/js/actions.js" package="actions.js" skipped="0" tests="1" timestamp="2023-02-18T20:28:50.6833204"><testcase classname="dependency-check" name="actions.js"/></testsuite><testsuite failures="0" errors="0" time="0" id="5" name="/src/Django-1.4.13/django/contrib/admin/static/admin/js/actions.min.js" package="actions.min.js" skipped="0" tests="1" timestamp="2023-02-18T20:28:50.6833204"><testcase classname="dependency-check" name="actions.min.js"/></testsuite><testsuite failures="0" errors="0" time="0" id="6" name="/src/Django-1.4.13/django/contrib/admin/static/admin/js/calendar.js" package="calendar.js" skipped="0" tests="1" timestamp="2023-02-18T20:28:50.6833204"><testcase classname="dependency-check" name="calendar.js"/></testsuite><testsuite failures="0" errors="0" time="0" id="7" name="/src/Django-1.4.13/django/contrib/admin/static/admin/js/collapse.js" package="collapse.js" skipped="0" tests="1" timestamp="2023-02-18T20:28:50.6833204"><testcase classname="dependency-check" name="collapse.js"/></testsuite><testsuite failures="0" errors="0" time="0" id="8" name="/src/Django-1.4.13/django/contrib/admin/static/admin/js/collapse.min.js" package="collapse.min.js" skipped="0" tests="1" timestamp="2023-02-18T20:28:50.6833204"><testcase classname="dependency-check" name="collapse.min.js"/></testsuite><testsuite failures="0" errors="0" time="0" id="9" name="/src/Django-1.4.13/django/contrib/admin/static/admin/js/core.js" package="core.js" skipped="0" tests="1" timestamp="2023-02-18T20:28:50.6833204"><testcase classname="dependency-check" name="core.js"/></testsuite><testsuite failures="0" errors="0" time="0" id="10" name="/src/Django-1.4.13/django/contrib/admin/static/admin/js/getElementsBySelector.js" package="getElementsBySelector.js" skipped="0" tests="1" timestamp="2023-02-18T20:28:50.6833204"><testcase classname="dependency-check" name="getElementsBySelector.js"/></testsuite><testsuite failures="0" errors="0" time="0" id="11" name="/src/Django-1.4.13/django/contrib/gis/templates/gis/google/google-map.js" package="google-map.js" skipped="0" tests="1" timestamp="2023-02-18T20:28:50.6833204"><testcase classname="dependency-check" name="google-map.js"/></testsuite><testsuite failures="0" errors="0" time="0" id="12" name="/src/Django-1.4.13/django/contrib/gis/templates/gis/google/google-multi.js" package="google-multi.js" skipped="0" tests="1" timestamp="2023-02-18T20:28:50.6833204"><testcase classname="dependency-check" name="google-multi.js"/></testsuite><testsuite failures="0" errors="0" time="0" id="13" name="/src/Django-1.4.13/django/contrib/gis/templates/gis/google/google-single.js" package="google-single.js" skipped="0" tests="1" timestamp="2023-02-18T20:28:50.6833204"><testcase classname="dependency-check" name="google-single.js"/></testsuite><testsuite failures="0" errors="0" time="0" id="14" name="/src/Django-1.4.13/django/contrib/admin/static/admin/js/inlines.js" package="inlines.js" skipped="0" tests="1" timestamp="2023-02-18T20:28:50.6833204"><testcase classname="dependency-check" name="inlines.js"/></testsuite><testsuite failures="0" errors="0" time="0" id="15" name="/src/Django-1.4.13/django/contrib/admin/static/admin/js/inlines.min.js" package="inlines.min.js" skipped="0" tests="1" timestamp="2023-02-18T20:28:50.6833204"><testcase classname="dependency-check" name="inlines.min.js"/></testsuite><testsuite failures="0" errors="0" time="0" id="16" name="/src/Django-1.4.13/tests/regressiontests/i18n/commands/javascript.js" package="javascript.js" skipped="0" tests="1" timestamp="2023-02-18T20:28:50.6833204"><testcase classname="dependency-check" name="javascript.js"/></testsuite><testsuite failures="0" errors="0" time="0" id="17" name="/src/Django-1.4.13/django/contrib/admin/static/admin/js/jquery.init.js" package="jquery.init.js" skipped="0" tests="1" timestamp="2023-02-18T20:28:50.6833204"><testcase classname="dependency-check" name="jquery.init.js"/></testsuite><testsuite failures="6" errors="0" time="0" id="18" name="/src/Django-1.4.13/django/contrib/admin/static/admin/js/jquery.js" package="jquery.js" skipped="0" tests="6" timestamp="2023-02-18T20:28:50.6833204"><testcase classname="CVE-2012-6708" name="pkg:javascript/jquery@1.4.2"><failure message="cvssV3: MEDIUM, score: 6.1 (CVSS:3.0/AV:N/AC:L/PR:N/UI:R/S:C/C:L/I:L/A:N)"/><system-out>jQuery before 1.9.0 is vulnerable to Cross-site Scripting (XSS) attacks. The jQuery(strInput) function does not differentiate selectors from HTML in a reliable fashion. In vulnerable versions, jQuery determined whether the input was HTML by looking for the &apos;&lt;&apos; character anywhere in the string, giving attackers more flexibility when attempting to construct a malicious payload. In fixed versions, jQuery only deems the input to be HTML if it explicitly starts with the &apos;&lt;&apos; character, limiting exploitability only to attackers who can control the beginning of a string, which is far less common.</system-out><system-err>location: /src/Django-1.4.13/django/contrib/admin/static/admin/js/jquery.js, project-references: [  ]</system-err></testcase><testcase classname="CVE-2015-9251" name="pkg:javascript/jquery@1.4.2"><failure message="cvssV3: MEDIUM, score: 6.1 (CVSS:3.0/AV:N/AC:L/PR:N/UI:R/S:C/C:L/I:L/A:N)"/><system-out>jQuery before 3.0.0 is vulnerable to Cross-site Scripting (XSS) attacks when a cross-domain Ajax request is performed without the dataType option, causing text/javascript responses to be executed.</system-out><system-err>location: /src/Django-1.4.13/django/contrib/admin/static/admin/js/jquery.js, project-references: [  ]</system-err></testcase><testcase classname="CVE-2019-11358" name="pkg:javascript/jquery@1.4.2"><failure message="cvssV3: MEDIUM, score: 6.1 (CVSS:3.1/AV:N/AC:L/PR:N/UI:R/S:C/C:L/I:L/A:N)"/><system-out>jQuery before 3.4.0, as used in Drupal, Backdrop CMS, and other products, mishandles jQuery.extend(true, {}, ...) because of Object.prototype pollution. If an unsanitized source object contained an enumerable __proto__ property, it could extend the native Object.prototype.</system-out><system-err>location: /src/Django-1.4.13/django/contrib/admin/static/admin/js/jquery.js, project-references: [  ]</system-err></testcase><testcase classname="CVE-2020-11022" name="pkg:javascript/jquery@1.4.2"><failure message="cvssV3: MEDIUM, score: 6.1 (CVSS:3.1/AV:N/AC:L/PR:N/UI:R/S:C/C:L/I:L/A:N)"/><system-out>In jQuery versions greater than or equal to 1.2 and before 3.5.0, passing HTML from untrusted sources - even after sanitizing it - to one of jQuery&apos;s DOM manipulation methods (i.e. .html(), .append(), and others) may execute untrusted code. This problem is patched in jQuery 3.5.0.</system-out><system-err>location: /src/Django-1.4.13/django/contrib/admin/static/admin/js/jquery.js, project-references: [  ]</system-err></testcase><testcase classname="CVE-2020-11023" name="pkg:javascript/jquery@1.4.2"><failure message="cvssV3: MEDIUM, score: 6.1 (CVSS:3.1/AV:N/AC:L/PR:N/UI:R/S:C/C:L/I:L/A:N)"/><system-out>In jQuery versions greater than or equal to 1.0.3 and before 3.5.0, passing HTML containing &lt;option&gt; elements from untrusted sources - even after sanitizing it - to one of jQuery&apos;s DOM manipulation methods (i.e. .html(), .append(), and others) may execute untrusted code. This problem is patched in jQuery 3.5.0.</system-out><system-err>location: /src/Django-1.4.13/django/contrib/admin/static/admin/js/jquery.js, project-references: [  ]</system-err></testcase><testcase classname="CVE-2011-4969" name="pkg:javascript/jquery@1.4.2"><failure message="cvssV2: MEDIUM, score: 4.3 (/AV:N/AC:M/Au:N/C:N/I:P/A:N)"/><system-out>Cross-site scripting (XSS) vulnerability in jQuery before 1.6.3, when using location.hash to select elements, allows remote attackers to inject arbitrary web script or HTML via a crafted tag.</system-out><system-err>location: /src/Django-1.4.13/django/contrib/admin/static/admin/js/jquery.js, project-references: [  ]</system-err></testcase></testsuite><testsuite failures="6" errors="0" time="0" id="19" name="/src/Django-1.4.13/django/contrib/admin/static/admin/js/jquery.min.js" package="jquery.min.js" skipped="0" tests="6" timestamp="2023-02-18T20:28:50.6833204"><testcase classname="CVE-2012-6708" name="pkg:javascript/jquery@1.4.2"><failure message="cvssV3: MEDIUM, score: 6.1 (CVSS:3.0/AV:N/AC:L/PR:N/UI:R/S:C/C:L/I:L/A:N)"/><system-out>jQuery before 1.9.0 is vulnerable to Cross-site Scripting (XSS) attacks. The jQuery(strInput) function does not differentiate selectors from HTML in a reliable fashion. In vulnerable versions, jQuery determined whether the input was HTML by looking for the &apos;&lt;&apos; character anywhere in the string, giving attackers more flexibility when attempting to construct a malicious payload. In fixed versions, jQuery only deems the input to be HTML if it explicitly starts with the &apos;&lt;&apos; character, limiting exploitability only to attackers who can control the beginning of a string, which is far less common.</system-out><system-err>location: /src/Django-1.4.13/django/contrib/admin/static/admin/js/jquery.min.js, project-references: [  ]</system-err></testcase><testcase classname="CVE-2015-9251" name="pkg:javascript/jquery@1.4.2"><failure message="cvssV3: MEDIUM, score: 6.1 (CVSS:3.0/AV:N/AC:L/PR:N/UI:R/S:C/C:L/I:L/A:N)"/><system-out>jQuery before 3.0.0 is vulnerable to Cross-site Scripting (XSS) attacks when a cross-domain Ajax request is performed without the dataType option, causing text/javascript responses to be executed.</system-out><system-err>location: /src/Django-1.4.13/django/contrib/admin/static/admin/js/jquery.min.js, project-references: [  ]</system-err></testcase><testcase classname="CVE-2019-11358" name="pkg:javascript/jquery@1.4.2"><failure message="cvssV3: MEDIUM, score: 6.1 (CVSS:3.1/AV:N/AC:L/PR:N/UI:R/S:C/C:L/I:L/A:N)"/><system-out>jQuery before 3.4.0, as used in Drupal, Backdrop CMS, and other products, mishandles jQuery.extend(true, {}, ...) because of Object.prototype pollution. If an unsanitized source object contained an enumerable __proto__ property, it could extend the native Object.prototype.</system-out><system-err>location: /src/Django-1.4.13/django/contrib/admin/static/admin/js/jquery.min.js, project-references: [  ]</system-err></testcase><testcase classname="CVE-2020-11022" name="pkg:javascript/jquery@1.4.2"><failure message="cvssV3: MEDIUM, score: 6.1 (CVSS:3.1/AV:N/AC:L/PR:N/UI:R/S:C/C:L/I:L/A:N)"/><system-out>In jQuery versions greater than or equal to 1.2 and before 3.5.0, passing HTML from untrusted sources - even after sanitizing it - to one of jQuery&apos;s DOM manipulation methods (i.e. .html(), .append(), and others) may execute untrusted code. This problem is patched in jQuery 3.5.0.</system-out><system-err>location: /src/Django-1.4.13/django/contrib/admin/static/admin/js/jquery.min.js, project-references: [  ]</system-err></testcase><testcase classname="CVE-2020-11023" name="pkg:javascript/jquery@1.4.2"><failure message="cvssV3: MEDIUM, score: 6.1 (CVSS:3.1/AV:N/AC:L/PR:N/UI:R/S:C/C:L/I:L/A:N)"/><system-out>In jQuery versions greater than or equal to 1.0.3 and before 3.5.0, passing HTML containing &lt;option&gt; elements from untrusted sources - even after sanitizing it - to one of jQuery&apos;s DOM manipulation methods (i.e. .html(), .append(), and others) may execute untrusted code. This problem is patched in jQuery 3.5.0.</system-out><system-err>location: /src/Django-1.4.13/django/contrib/admin/static/admin/js/jquery.min.js, project-references: [  ]</system-err></testcase><testcase classname="CVE-2011-4969" name="pkg:javascript/jquery@1.4.2"><failure message="cvssV2: MEDIUM, score: 4.3 (/AV:N/AC:M/Au:N/C:N/I:P/A:N)"/><system-out>Cross-site scripting (XSS) vulnerability in jQuery before 1.6.3, when using location.hash to select elements, allows remote attackers to inject arbitrary web script or HTML via a crafted tag.</system-out><system-err>location: /src/Django-1.4.13/django/contrib/admin/static/admin/js/jquery.min.js, project-references: [  ]</system-err></testcase></testsuite><testsuite failures="0" errors="0" time="0" id="20" name="/src/Django-1.4.13/django/contrib/gis/templates/gis/admin/openlayers.js" package="openlayers.js" skipped="0" tests="1" timestamp="2023-02-18T20:28:50.6833204"><testcase classname="dependency-check" name="openlayers.js"/></testsuite><testsuite failures="0" errors="0" time="0" id="21" name="/src/Django-1.4.13/django/contrib/admin/static/admin/js/admin/ordering.js" package="ordering.js" skipped="0" tests="1" timestamp="2023-02-18T20:28:50.6833204"><testcase classname="dependency-check" name="ordering.js"/></testsuite><testsuite failures="0" errors="0" time="0" id="22" name="/src/Django-1.4.13/django/contrib/gis/templates/gis/admin/osm.js" package="osm.js" skipped="0" tests="1" timestamp="2023-02-18T20:28:50.6833204"><testcase classname="dependency-check" name="osm.js"/></testsuite><testsuite failures="0" errors="0" time="0" id="23" name="/src/Django-1.4.13/django/contrib/admin/static/admin/js/prepopulate.js" package="prepopulate.js" skipped="0" tests="1" timestamp="2023-02-18T20:28:50.6833204"><testcase classname="dependency-check" name="prepopulate.js"/></testsuite><testsuite failures="0" errors="0" time="0" id="24" name="/src/Django-1.4.13/django/contrib/admin/static/admin/js/prepopulate.min.js" package="prepopulate.min.js" skipped="0" tests="1" timestamp="2023-02-18T20:28:50.6833204"><testcase classname="dependency-check" name="prepopulate.min.js"/></testsuite><testsuite failures="0" errors="0" time="0" id="25" name="/src/Django-1.4.13/django/contrib/admin/static/admin/js/timeparse.js" package="timeparse.js" skipped="0" tests="1" timestamp="2023-02-18T20:28:50.6833204"><testcase classname="dependency-check" name="timeparse.js"/></testsuite><testsuite failures="0" errors="0" time="0" id="26" name="/src/Django-1.4.13/django/contrib/admin/static/admin/js/urlify.js" package="urlify.js" skipped="0" tests="1" timestamp="2023-02-18T20:28:50.6833204"><testcase classname="dependency-check" name="urlify.js"/></testsuite></testsuites>